<?xml version="1.0" encoding="UTF-8"?>
<!-- Generated by org.testng.reporters.JUnitReportReporter -->
<testsuite hostname="IBM-PF3F1CN9" failures="0" tests="1" name="com.APITest.Employee.SendDataWithGHelpOfHashMap" time="3.085" errors="0" timestamp="2022-11-28T02:54:42 IST" skipped="0">
  <testcase classname="com.APITest.Employee.SendDataWithGHelpOfHashMap" name="postRequestEmployee" time="3.085"/>
  <system-out/>
</testsuite> <!-- com.APITest.Employee.SendDataWithGHelpOfHashMap -->
