<?xml version="1.0" encoding="UTF-8"?>
<!-- Generated by org.testng.reporters.JUnitReportReporter -->
<testsuite hostname="IBM-PF3F1CN9" failures="0" tests="1" name="com.APITest.Employee.SendDataWithHelpOfJSON" time="2.298" errors="0" timestamp="2022-11-28T02:59:11 IST" skipped="0">
  <testcase classname="com.APITest.Employee.SendDataWithHelpOfJSON" name="postRequestEmployee" time="2.298"/>
  <system-out/>
</testsuite> <!-- com.APITest.Employee.SendDataWithHelpOfJSON -->
