<?xml version="1.0" encoding="UTF-8"?>
<!-- Generated by org.testng.reporters.JUnitReportReporter -->
<testsuite hostname="IBM-PF3F1CN9" failures="0" tests="1" name="com.APITest.Employee.SendDataWithHelpOfExcel" time="1.785" errors="0" timestamp="2022-11-28T09:25:45 IST" skipped="0">
  <testcase classname="com.APITest.Employee.SendDataWithHelpOfExcel" name="postRequestEmployeeUSingExcel" time="1.785"/>
  <system-out/>
</testsuite> <!-- com.APITest.Employee.SendDataWithHelpOfExcel -->
