<?xml version="1.0" encoding="UTF-8"?>
<!-- Generated by org.testng.reporters.JUnitReportReporter -->
<testsuite hostname="IBM-PF3F1CN9" failures="0" tests="2" name="com.APITest.Employee.SendDataWithHelpOfPOJOCLASS" time="2.605" errors="0" timestamp="2022-11-28T03:12:03 IST" skipped="1">
  <testcase classname="com.APITest.Employee.SendDataWithHelpOfPOJOCLASS" name="postRequestEmployee" time="2.605"/>
  <system-out/>
  <testcase classname="com.APITest.Employee.SendDataWithHelpOfPOJOCLASS" name="postRequestEmployeeSerial">
    <skipped/>
  </testcase> <!-- postRequestEmployeeSerial -->
  <system-out/>
</testsuite> <!-- com.APITest.Employee.SendDataWithHelpOfPOJOCLASS -->
