<?xml version="1.0" encoding="UTF-8"?>
<!-- Generated by org.testng.reporters.JUnitReportReporter -->
<testsuite hostname="IBM-PF3F1CN9" failures="0" tests="1" name="com.APITest.Employee.JsonPathEmployee" time="1.913" errors="0" timestamp="2022-11-28T03:46:27 IST" skipped="0">
  <testcase classname="com.APITest.Employee.JsonPathEmployee" name="postRequestEmployee" time="1.913"/>
  <system-out/>
</testsuite> <!-- com.APITest.Employee.JsonPathEmployee -->
