<?xml version="1.0" encoding="UTF-8"?>
<!-- Generated by org.testng.reporters.JUnitReportReporter -->
<testsuite hostname="IBM-PF3F1CN9" failures="0" tests="9" name="com.APITest.Employee.AllAPIRequest" time="1.705" errors="0" timestamp="2022-11-28T09:22:03 IST" skipped="8">
  <testcase classname="com.APITest.Employee.AllAPIRequest" name="postRequestEmployeeUSingExcel" time="1.705"/>
  <system-out/>
  <testcase classname="com.APITest.Employee.AllAPIRequest" name="deleteRequestEmployeeParticular">
    <skipped/>
  </testcase> <!-- deleteRequestEmployeeParticular -->
  <system-out/>
  <testcase classname="com.APITest.Employee.AllAPIRequest" name="patchRequestEmployeeParticular">
    <skipped/>
  </testcase> <!-- patchRequestEmployeeParticular -->
  <system-out/>
  <testcase classname="com.APITest.Employee.AllAPIRequest" name="AssertionsPlusQueryParam">
    <skipped/>
  </testcase> <!-- AssertionsPlusQueryParam -->
  <system-out/>
  <testcase classname="com.APITest.Employee.AllAPIRequest" name="getRequestEmployee">
    <skipped/>
  </testcase> <!-- getRequestEmployee -->
  <system-out/>
  <testcase classname="com.APITest.Employee.AllAPIRequest" name="patchWithDatProvider">
    <skipped/>
  </testcase> <!-- patchWithDatProvider -->
  <system-out/>
  <testcase classname="com.APITest.Employee.AllAPIRequest" name="putRequestEmployeeParticular">
    <skipped/>
  </testcase> <!-- putRequestEmployeeParticular -->
  <system-out/>
  <testcase classname="com.APITest.Employee.AllAPIRequest" name="postRequestEmployeeParticular">
    <skipped/>
  </testcase> <!-- postRequestEmployeeParticular -->
  <system-out/>
  <testcase classname="com.APITest.Employee.AllAPIRequest" name="getRequestEmployeeParticular">
    <skipped/>
  </testcase> <!-- getRequestEmployeeParticular -->
  <system-out/>
</testsuite> <!-- com.APITest.Employee.AllAPIRequest -->
